<?xml version="1.0" encoding="UTF-8" ?>
<testsuite errors="0" failures="0" hostname="DESKTOP-F3HUAUH" name="DrawingBoardTest" skipped="0" tests="6" time="0.844" timestamp="2019-03-13T10:34:23">
  <properties>
[...]
</properties>
  <testcase classname="DrawingBoardTest" name="usingFillRectMethod" time="0.234" />
  <testcase classname="DrawingBoardTest" name="sizeOK" time="0.063" />
  <testcase classname="DrawingBoardTest" name="drawingSmiley" time="0.14" />
  <testcase classname="DrawingBoardTest" name="hasDrawingBoard" time="0.0" />
  <testcase classname="DrawingBoardTest" name="drawingBoardUsingCorrectMethods" time="0.0" />
  <testcase classname="DrawingBoardTest" name="smileyDrawnWithFiveFillRectCalls" time="0.0" />
  <system-out><![CDATA[]]></system-out>
  <system-err><![CDATA[]]></system-err>
</testsuite>
